<?xml version="1.0" encoding="UTF-8"?>
<!-- Generated by org.testng.reporters.JUnitXMLReporter -->
<testsuite ignored="0" hostname="LAPTOP-L3IGT96C" failures="1" tests="1" name="SearchProduct" time="15.232" errors="0" timestamp="2023-10-14T23:01:19 EDT">
  <testcase classname="com.obsqura.tests.SearchProductTest" name="SearchProduct" time="3.896">
    <failure type="java.lang.IllegalArgumentException" message="Keys to send should be a not null CharSequence">
      <![CDATA[java.lang.IllegalArgumentException: Keys to send should be a not null CharSequence
at org.openqa.selenium.remote.RemoteWebElement.sendKeys(RemoteWebElement.java:97)
at org.openqa.selenium.support.pagefactory.internal.LocatingElementHandler.invoke(LocatingElementHandler.java:51)
at jdk.proxy2/jdk.proxy2.$Proxy14.sendKeys(Unknown Source)
at com.obsqura.utilities.PageUtility.SetTextBox(PageUtility.java:22)
at com.obsqura.pages.ListProductPage.SearchProduct(ListProductPage.java:37)
at com.obsqura.tests.SearchProductTest.SearchProduct(SearchProductTest.java:17)
at java.base/java.util.ArrayList.forEach(ArrayList.java:1511)
... Removed 31 stack frames]]>
    </failure>
  </testcase> <!-- SearchProduct -->
</testsuite> <!-- SearchProduct -->
