<?xml version="1.0" encoding="UTF-8"?>
<!-- Generated by org.testng.reporters.JUnitXMLReporter -->
<testsuite ignored="0" hostname="LAPTOP-L3IGT96C" failures="0" tests="2" name="SearchProduct" time="35.84" errors="0" timestamp="2023-11-27T19:40:49 EST">
  <testcase classname="com.obsqura.tests.SearchProductTest" name="SearchProduct" time="11.593">
    <skipped/>
  </testcase> <!-- SearchProduct -->
  <testcase classname="com.obsqura.tests.SearchProductTest" name="SearchProduct" time="10.018">
    <skipped/>
  </testcase> <!-- SearchProduct -->
</testsuite> <!-- SearchProduct -->
