<?xml version="1.0" encoding="UTF-8"?>
<!-- Generated by org.testng.reporters.JUnitXMLReporter -->
<testsuite ignored="0" hostname="LAPTOP-L3IGT96C" failures="0" tests="2" name="CreateNotification" time="4.45" errors="0" timestamp="2023-11-09T21:57:36 EST">
  <testcase classname="com.obsqura.tests.CreateNotificationAlertTest" name="PushNotification" time="0.018">
    <skipped/>
  </testcase> <!-- PushNotification -->
  <testcase classname="com.obsqura.tests.CreateNotificationAlertTest" name="PushNotification" time="0.015">
    <skipped/>
  </testcase> <!-- PushNotification -->
</testsuite> <!-- CreateNotification -->
